<?xml version="1.0" encoding="UTF-8"?>
<testng-results skipped="0" failed="0" ignored="0" total="2" passed="2">
  <reporter-output>
  </reporter-output>
  <suite name="Suite" duration-ms="65630" started-at="2024-06-06T19:35:33Z" finished-at="2024-06-06T19:36:39Z">
    <groups>
    </groups>
    <test name="testNGBasics" duration-ms="65630" started-at="2024-06-06T19:35:33Z" finished-at="2024-06-06T19:36:39Z">
      <class name="SeleniumAcademy.testNGBasics">
        <test-method status="PASS" signature="firstToExecute()[pri:0, instance:SeleniumAcademy.testNGBasics@31610302]" name="firstToExecute" is-config="true" duration-ms="65219" started-at="2024-06-06T15:35:33Z" finished-at="2024-06-06T15:36:39Z">
          <reporter-output>
          </reporter-output>
        </test-method> <!-- firstToExecute -->
        <test-method status="PASS" signature="firstToExecuteBeforeCLass()[pri:0, instance:SeleniumAcademy.testNGBasics@31610302]" name="firstToExecuteBeforeCLass" is-config="true" duration-ms="0" started-at="2024-06-06T15:36:39Z" finished-at="2024-06-06T15:36:39Z">
          <reporter-output>
          </reporter-output>
        </test-method> <!-- firstToExecuteBeforeCLass -->
        <test-method status="PASS" signature="firstToExecuteBeforeEachTestCase()[pri:0, instance:SeleniumAcademy.testNGBasics@31610302]" name="firstToExecuteBeforeEachTestCase" is-config="true" duration-ms="0" started-at="2024-06-06T15:36:39Z" finished-at="2024-06-06T15:36:39Z">
          <reporter-output>
          </reporter-output>
        </test-method> <!-- firstToExecuteBeforeEachTestCase -->
        <test-method status="PASS" signature="firstTest()[pri:0, instance:SeleniumAcademy.testNGBasics@31610302]" name="firstTest" duration-ms="0" started-at="2024-06-06T15:36:39Z" finished-at="2024-06-06T15:36:39Z">
          <reporter-output>
          </reporter-output>
        </test-method> <!-- firstTest -->
        <test-method status="PASS" signature="firstToExecuteBeforeEachTestCase()[pri:0, instance:SeleniumAcademy.testNGBasics@31610302]" name="firstToExecuteBeforeEachTestCase" is-config="true" duration-ms="1" started-at="2024-06-06T15:36:39Z" finished-at="2024-06-06T15:36:39Z">
          <reporter-output>
          </reporter-output>
        </test-method> <!-- firstToExecuteBeforeEachTestCase -->
        <test-method status="PASS" signature="lastToExecuteafterCLass()[pri:0, instance:SeleniumAcademy.testNGBasics@31610302]" name="lastToExecuteafterCLass" is-config="true" duration-ms="1" started-at="2024-06-06T15:36:39Z" finished-at="2024-06-06T15:36:39Z">
          <reporter-output>
          </reporter-output>
        </test-method> <!-- lastToExecuteafterCLass -->
        <test-method status="PASS" signature="secondTest()[pri:0, instance:SeleniumAcademy.testNGBasics@31610302]" name="secondTest" duration-ms="0" started-at="2024-06-06T15:36:39Z" finished-at="2024-06-06T15:36:39Z">
          <reporter-output>
          </reporter-output>
        </test-method> <!-- secondTest -->
        <test-method status="PASS" signature="lastToExecute()[pri:0, instance:SeleniumAcademy.testNGBasics@31610302]" name="lastToExecute" is-config="true" duration-ms="0" started-at="2024-06-06T15:36:39Z" finished-at="2024-06-06T15:36:39Z">
          <reporter-output>
          </reporter-output>
        </test-method> <!-- lastToExecute -->
      </class> <!-- SeleniumAcademy.testNGBasics -->
    </test> <!-- testNGBasics -->
  </suite> <!-- Suite -->
</testng-results>
