<?xml version="1.0" encoding="UTF-8"?>
<testng-results skipped="0" failed="0" ignored="0" total="2" passed="2">
  <reporter-output>
  </reporter-output>
  <suite name="Default suite" duration-ms="77" started-at="2024-06-06T13:29:17Z" finished-at="2024-06-06T13:29:17Z">
    <groups>
    </groups>
    <test name="Default test" duration-ms="77" started-at="2024-06-06T13:29:17Z" finished-at="2024-06-06T13:29:17Z">
      <class name="SeleniumAcademy.testNGBasics">
        <test-method status="PASS" signature="firstToExecute()[pri:0, instance:SeleniumAcademy.testNGBasics@2d928643]" name="firstToExecute" is-config="true" duration-ms="19" started-at="2024-06-06T09:29:17Z" finished-at="2024-06-06T09:29:17Z">
          <reporter-output>
          </reporter-output>
        </test-method> <!-- firstToExecute -->
        <test-method status="PASS" signature="firstToExecuteBeforeCLass()[pri:0, instance:SeleniumAcademy.testNGBasics@2d928643]" name="firstToExecuteBeforeCLass" is-config="true" duration-ms="0" started-at="2024-06-06T09:29:17Z" finished-at="2024-06-06T09:29:17Z">
          <reporter-output>
          </reporter-output>
        </test-method> <!-- firstToExecuteBeforeCLass -->
        <test-method status="PASS" signature="firstTest()[pri:0, instance:SeleniumAcademy.testNGBasics@2d928643]" name="firstTest" duration-ms="11" started-at="2024-06-06T09:29:17Z" finished-at="2024-06-06T09:29:17Z">
          <reporter-output>
          </reporter-output>
        </test-method> <!-- firstTest -->
        <test-method status="PASS" signature="firstToExecuteBeforeEachTestCase()[pri:0, instance:SeleniumAcademy.testNGBasics@2d928643]" name="firstToExecuteBeforeEachTestCase" is-config="true" duration-ms="0" started-at="2024-06-06T09:29:17Z" finished-at="2024-06-06T09:29:17Z">
          <reporter-output>
          </reporter-output>
        </test-method> <!-- firstToExecuteBeforeEachTestCase -->
        <test-method status="PASS" signature="firstToExecuteBeforeEachTestCase()[pri:0, instance:SeleniumAcademy.testNGBasics@2d928643]" name="firstToExecuteBeforeEachTestCase" is-config="true" duration-ms="2" started-at="2024-06-06T09:29:17Z" finished-at="2024-06-06T09:29:17Z">
          <reporter-output>
          </reporter-output>
        </test-method> <!-- firstToExecuteBeforeEachTestCase -->
        <test-method status="PASS" signature="secondTest()[pri:0, instance:SeleniumAcademy.testNGBasics@2d928643]" name="secondTest" duration-ms="2" started-at="2024-06-06T09:29:17Z" finished-at="2024-06-06T09:29:17Z">
          <reporter-output>
          </reporter-output>
        </test-method> <!-- secondTest -->
        <test-method status="PASS" signature="lastToExecuteafterCLass()[pri:0, instance:SeleniumAcademy.testNGBasics@2d928643]" name="lastToExecuteafterCLass" is-config="true" duration-ms="2" started-at="2024-06-06T09:29:17Z" finished-at="2024-06-06T09:29:17Z">
          <reporter-output>
          </reporter-output>
        </test-method> <!-- lastToExecuteafterCLass -->
        <test-method status="PASS" signature="lastToExecute()[pri:0, instance:SeleniumAcademy.testNGBasics@2d928643]" name="lastToExecute" is-config="true" duration-ms="0" started-at="2024-06-06T09:29:17Z" finished-at="2024-06-06T09:29:17Z">
          <reporter-output>
          </reporter-output>
        </test-method> <!-- lastToExecute -->
      </class> <!-- SeleniumAcademy.testNGBasics -->
    </test> <!-- Default test -->
  </suite> <!-- Default suite -->
</testng-results>
